[     400ms] [INFO] %cDownload the React DevTools for a better development experience: https://react.dev/link/react-devtools font-weight:bold @ http://localhost:3000/_next/static/chunks/09o~_next_dist_03lusgl._.js:2431
[     478ms] [LOG] [HMR] connected @ http://localhost:3000/_next/static/chunks/09o~_next_dist_03lusgl._.js:2431
[     895ms] [WARNING] Clerk: Clerk has been loaded with development keys. Development instances have strict usage limits and should not be used when deploying your application to production. Learn more: https://clerk.com/docs/deployments/overview @ http://localhost:3000/_next/static/chunks/09o~_next_dist_03lusgl._.js:2431
[     925ms] [LOG] [Fast Refresh] rebuilding @ http://localhost:3000/_next/static/chunks/09o~_next_dist_03lusgl._.js:2431
[     988ms] [LOG] [Fast Refresh] done in 164ms @ http://localhost:3000/_next/static/chunks/09o~_next_dist_03lusgl._.js:2431
[   60517ms] [INFO] %cDownload the React DevTools for a better development experience: https://react.dev/link/react-devtools font-weight:bold @ http://localhost:3000/_next/static/chunks/09o~_next_dist_03lusgl._.js:2431
[   60584ms] [LOG] [HMR] connected @ http://localhost:3000/_next/static/chunks/09o~_next_dist_03lusgl._.js:2431
[   60936ms] [WARNING] Clerk: Clerk has been loaded with development keys. Development instances have strict usage limits and should not be used when deploying your application to production. Learn more: https://clerk.com/docs/deployments/overview @ http://localhost:3000/_next/static/chunks/09o~_next_dist_03lusgl._.js:2431
[   64761ms] [ERROR] Access to fetch at 'https://sound-tarpon-4.accounts.dev/sign-in?redirect_url=http%3A%2F%2Flocalhost%3A3000%2Fdeals%2Fnew&__clerk_db_jwt=dvb_3CBWGKl4p6QUlwTalQjn6PCnf4Q' (redirected from 'http://localhost:3000/deals/new?_rsc=lquux') from origin 'http://localhost:3000' has been blocked by CORS policy: Response to preflight request doesn't pass access control check: No 'Access-Control-Allow-Origin' header is present on the requested resource. @ http://localhost:3000/:0
[   64762ms] [ERROR] Failed to load resource: net::ERR_FAILED @ https://sound-tarpon-4.accounts.dev/sign-in?redirect_url=http%3A%2F%2Flocalhost%3A3000%2Fdeals%2Fnew&__clerk_db_jwt=dvb_3CBWGKl4p6QUlwTalQjn6PCnf4Q:0
[   64763ms] [ERROR] Failed to fetch RSC payload for http://localhost:3000/deals/new. Falling back to browser navigation. TypeError: Failed to fetch
    at createFetch (http://localhost:3000/_next/static/chunks/09o~_next_dist_client_0tn1n__._.js:8084:21)
    at fetchServerResponse (http://localhost:3000/_next/static/chunks/09o~_next_dist_client_0tn1n__._.js:7928:27)
    at navigateToUnknownRoute (http://localhost:3000/_next/static/chunks/09o~_next_dist_client_0tn1n__._.js:10094:90)
    at navigateImpl (http://localhost:3000/_next/static/chunks/09o~_next_dist_client_0tn1n__._.js:9989:12)
    at navigate (http://localhost:3000/_next/static/chunks/09o~_next_dist_client_0tn1n__._.js:9953:12)
    at navigateReducer (http://localhost:3000/_next/static/chunks/09o~_next_dist_client_0tn1n__._.js:10530:37)
    at clientReducer (http://localhost:3000/_next/static/chunks/09o~_next_dist_client_0tn1n__._.js:11382:61)
    at Object.action (http://localhost:3000/_next/static/chunks/09o~_next_dist_client_0tn1n__._.js:11631:55)
    at runAction (http://localhost:3000/_next/static/chunks/09o~_next_dist_client_0tn1n__._.js:11536:38)
    at dispatchAction (http://localhost:3000/_next/static/chunks/09o~_next_dist_client_0tn1n__._.js:11599:9)
    at Object.dispatch (http://localhost:3000/_next/static/chunks/09o~_next_dist_client_0tn1n__._.js:11629:40)
    at http://localhost:3000/_next/static/chunks/09o~_next_dist_client_0tn1n__._.js:963:29
    at startTransition (http://localhost:3000/_next/static/chunks/09o~_next_dist_compiled_react-dom_04pvajt._.js:5469:31)
    at nextDispatch (http://localhost:3000/_next/static/chunks/09o~_next_dist_client_0tn1n__._.js:962:13)
    at dispatchAppRouterAction (http://localhost:3000/_next/static/chunks/09o~_next_dist_client_0tn1n__._.js:922:5)
    at dispatchNavigateAction (http://localhost:3000/_next/static/chunks/09o~_next_dist_client_0tn1n__._.js:11688:49)
    at http://localhost:3000/_next/static/chunks/09o~_next_0.wihc5._.js:1159:13
    at Object.startTransition (http://localhost:3000/_next/static/chunks/09o~_next_dist_compiled_0vkq.q1._.js:1279:31)
    at linkClicked (http://localhost:3000/_next/static/chunks/09o~_next_0.wihc5._.js:1158:24)
    at onClick (http://localhost:3000/_next/static/chunks/09o~_next_0.wihc5._.js:1398:13)
    at executeDispatch (http://localhost:3000/_next/static/chunks/09o~_next_dist_compiled_react-dom_04pvajt._.js:10329:13)
    at runWithFiberInDEV (http://localhost:3000/_next/static/chunks/09o~_next_dist_compiled_react-dom_04pvajt._.js:965:74)
    at processDispatchQueue (http://localhost:3000/_next/static/chunks/09o~_next_dist_compiled_react-dom_04pvajt._.js:10355:41)
    at http://localhost:3000/_next/static/chunks/09o~_next_dist_compiled_react-dom_04pvajt._.js:10633:13
    at batchedUpdates$1 (http://localhost:3000/_next/static/chunks/09o~_next_dist_compiled_react-dom_04pvajt._.js:2253:44)
    at dispatchEventForPluginEventSystem (http://localhost:3000/_next/static/chunks/09o~_next_dist_compiled_react-dom_04pvajt._.js:10431:9)
    at dispatchEvent (http://localhost:3000/_next/static/chunks/09o~_next_dist_compiled_react-dom_04pvajt._.js:13002:37)
    at dispatchDiscreteEvent (http://localhost:3000/_next/static/chunks/09o~_next_dist_compiled_react-dom_04pvajt._.js:12984:64) @ http://localhost:3000/_next/static/chunks/09o~_next_dist_03lusgl._.js:3272
[   64890ms] [LOG] [Fast Refresh] rebuilding @ http://localhost:3000/_next/static/chunks/09o~_next_dist_03lusgl._.js:2431
[   64910ms] [LOG] [Fast Refresh] done in 121ms @ http://localhost:3000/_next/static/chunks/09o~_next_dist_03lusgl._.js:2431
[   65535ms] [ERROR]  Note that 'script-src' was not explicitly set, so 'default-src' is used as a fallback. @ https://sound-tarpon-4.accounts.dev/_next/static/chunks/pages/_app-13003940b2d2c99f.js:18
[   65785ms] [WARNING] Clerk: Clerk has been loaded with development keys. Development instances have strict usage limits and should not be used when deploying your application to production. Learn more: https://clerk.com/docs/deployments/overview @ https://sound-tarpon-4.accounts.dev/_next/static/chunks/pages/_app-13003940b2d2c99f.js:14
[   66468ms] [WARNING] Clerk: Structural CSS detected that may break on updates.

Found:
  - CSS "body.cl-component"
  - CSS ".cl-component .button:focus-visible"

These selectors depend on the internal DOM structure of Clerk's components, which may change when Clerk deploys component updates.
To prevent breaking changes, install @clerk/ui and pass it to ClerkProvider:

  import { ui } from '@clerk/ui'
  <ClerkProvider ui={ui}>

Learn more: https://clerk.com/docs/reference/components/versioning
(code=structural_css_pin_clerk_ui) @ https://sound-tarpon-4.accounts.dev/_next/static/chunks/pages/_app-13003940b2d2c99f.js:14
[   66700ms] [VERBOSE] [DOM] Input elements should have autocomplete attributes (suggested: "current-password"): (More info: https://goo.gl/9p2vKq) %o @ https://sound-tarpon-4.accounts.dev/sign-in?redirect_url=http%3A%2F%2Flocalhost%3A3000%2Fdeals%2Fnew:0
[   68646ms] [INFO] %cDownload the React DevTools for a better development experience: https://react.dev/link/react-devtools font-weight:bold @ http://localhost:3000/_next/static/chunks/09o~_next_dist_03lusgl._.js:2431
[   68734ms] [LOG] [HMR] connected @ http://localhost:3000/_next/static/chunks/09o~_next_dist_03lusgl._.js:2431
[   71160ms] [INFO] %cDownload the React DevTools for a better development experience: https://react.dev/link/react-devtools font-weight:bold @ http://localhost:3000/_next/static/chunks/09o~_next_dist_03lusgl._.js:2431
[   71202ms] [LOG] [HMR] connected @ http://localhost:3000/_next/static/chunks/09o~_next_dist_03lusgl._.js:2431
[   71545ms] [WARNING] Clerk: Clerk has been loaded with development keys. Development instances have strict usage limits and should not be used when deploying your application to production. Learn more: https://clerk.com/docs/deployments/overview @ http://localhost:3000/_next/static/chunks/09o~_next_dist_03lusgl._.js:2431
[  172298ms] [LOG] [Fast Refresh] rebuilding @ http://localhost:3000/_next/static/chunks/09o~_next_dist_03lusgl._.js:2431
[  172414ms] [LOG] [Fast Refresh] done in 216ms @ http://localhost:3000/_next/static/chunks/09o~_next_dist_03lusgl._.js:2431
[  172601ms] [LOG] [Fast Refresh] rebuilding @ http://localhost:3000/_next/static/chunks/09o~_next_dist_03lusgl._.js:2431
[  172931ms] [LOG] [Fast Refresh] done in 432ms @ http://localhost:3000/_next/static/chunks/09o~_next_dist_03lusgl._.js:2431
[ 1062286ms] [LOG] [Fast Refresh] rebuilding @ http://localhost:3000/_next/static/chunks/09o~_next_dist_03lusgl._.js:2431
[ 1062307ms] [LOG] [Fast Refresh] done in 122ms @ http://localhost:3000/_next/static/chunks/09o~_next_dist_03lusgl._.js:2431
[ 1064097ms] [LOG] [Fast Refresh] rebuilding @ http://localhost:3000/_next/static/chunks/09o~_next_dist_03lusgl._.js:2431
[ 1064197ms] [LOG] [Fast Refresh] done in 202ms @ http://localhost:3000/_next/static/chunks/09o~_next_dist_03lusgl._.js:2431
[ 1160561ms] [LOG] [Fast Refresh] rebuilding @ http://localhost:3000/_next/static/chunks/09o~_next_dist_03lusgl._.js:2431
[ 1160570ms] [LOG] [Fast Refresh] done in 111ms @ http://localhost:3000/_next/static/chunks/09o~_next_dist_03lusgl._.js:2431
[ 1174732ms] [LOG] [Fast Refresh] rebuilding @ http://localhost:3000/_next/static/chunks/09o~_next_dist_03lusgl._.js:2431
[ 1174734ms] [LOG] [Fast Refresh] done in 103ms @ http://localhost:3000/_next/static/chunks/09o~_next_dist_03lusgl._.js:2431
[ 1179537ms] [LOG] [Fast Refresh] rebuilding @ http://localhost:3000/_next/static/chunks/09o~_next_dist_03lusgl._.js:2431
[ 1179586ms] [LOG] [Fast Refresh] done in 149ms @ http://localhost:3000/_next/static/chunks/09o~_next_dist_03lusgl._.js:2431
[ 1301484ms] [LOG] [Fast Refresh] rebuilding @ http://localhost:3000/_next/static/chunks/09o~_next_dist_03lusgl._.js:2431
[ 1302586ms] [WARNING] WebGL: INVALID_OPERATION: drawArrays: no buffer is bound to enabled attribute @ http://localhost:3000/_next/static/chunks/09o~_0f5fcpl._.js?id=%255Bproject%255D%252Fcommodityview%252Fnode_modules%252Fcobe%252Fdist%252Findex.esm.js+%255Bapp-client%255D+%2528ecmascript%2529:266
[ 1302656ms] [LOG] [Fast Refresh] done in 680ms @ http://localhost:3000/_next/static/chunks/09o~_next_dist_03lusgl._.js:2431
[ 1375163ms] [LOG] [Fast Refresh] rebuilding @ http://localhost:3000/_next/static/chunks/09o~_next_dist_03lusgl._.js:2431
[ 1375429ms] [LOG] [Fast Refresh] done in 200ms @ http://localhost:3000/_next/static/chunks/09o~_next_dist_03lusgl._.js:2431
[ 1376146ms] [LOG] [Fast Refresh] rebuilding @ http://localhost:3000/_next/static/chunks/09o~_next_dist_03lusgl._.js:2431
[ 1376255ms] [LOG] [Fast Refresh] done in 121ms @ http://localhost:3000/_next/static/chunks/09o~_next_dist_03lusgl._.js:2431
[ 1383093ms] [LOG] [Fast Refresh] rebuilding @ http://localhost:3000/_next/static/chunks/09o~_next_dist_03lusgl._.js:2431
[ 1384352ms] [LOG] [Fast Refresh] done in 1289ms @ http://localhost:3000/_next/static/chunks/09o~_next_dist_03lusgl._.js:2431
[ 1384454ms] [LOG] [Fast Refresh] rebuilding @ http://localhost:3000/_next/static/chunks/09o~_next_dist_03lusgl._.js:2431
[ 1384593ms] [LOG] [Fast Refresh] done in 239ms @ http://localhost:3000/_next/static/chunks/09o~_next_dist_03lusgl._.js:2431
[ 1387032ms] [LOG] [Fast Refresh] rebuilding @ http://localhost:3000/_next/static/chunks/09o~_next_dist_03lusgl._.js:2431
[ 1387177ms] [LOG] [Fast Refresh] done in 247ms @ http://localhost:3000/_next/static/chunks/09o~_next_dist_03lusgl._.js:2431
[ 1613112ms] [LOG] [Fast Refresh] rebuilding @ http://localhost:3000/_next/static/chunks/09o~_next_dist_03lusgl._.js:2431
[ 1617804ms] [LOG] [Fast Refresh] done in 4792ms @ http://localhost:3000/_next/static/chunks/09o~_next_dist_03lusgl._.js:2431
[ 1618721ms] [LOG] [Fast Refresh] rebuilding @ http://localhost:3000/_next/static/chunks/09o~_next_dist_03lusgl._.js:2431
[ 1618789ms] [LOG] [Fast Refresh] done in 168ms @ http://localhost:3000/_next/static/chunks/09o~_next_dist_03lusgl._.js:2431
[ 1837274ms] [LOG] [Fast Refresh] rebuilding @ http://localhost:3000/_next/static/chunks/09o~_next_dist_03lusgl._.js:2431
[ 1837318ms] [LOG] [Fast Refresh] done in 145ms @ http://localhost:3000/_next/static/chunks/09o~_next_dist_03lusgl._.js:2431
[ 1837505ms] [LOG] [Fast Refresh] rebuilding @ http://localhost:3000/_next/static/chunks/09o~_next_dist_03lusgl._.js:2431
[ 1837883ms] [LOG] [Fast Refresh] done in 478ms @ http://localhost:3000/_next/static/chunks/09o~_next_dist_03lusgl._.js:2431
[ 1984175ms] [LOG] [Fast Refresh] rebuilding @ http://localhost:3000/_next/static/chunks/09o~_next_dist_03lusgl._.js:2431
[ 1993155ms] [ERROR] Failed to load resource: the server responded with a status of 500 (Internal Server Error) @ http://localhost:3000/?_rsc=wnywt:0
[ 2006336ms] [INFO] %cDownload the React DevTools for a better development experience: https://react.dev/link/react-devtools font-weight:bold @ http://localhost:3000/_next/static/chunks/09o~_next_dist_03lusgl._.js:2431
[ 2006814ms] [LOG] [HMR] connected @ http://localhost:3000/_next/static/chunks/09o~_next_dist_03lusgl._.js:2431
[ 2007380ms] [WARNING] Clerk: Clerk has been loaded with development keys. Development instances have strict usage limits and should not be used when deploying your application to production. Learn more: https://clerk.com/docs/deployments/overview @ http://localhost:3000/_next/static/chunks/09o~_next_dist_03lusgl._.js:2431
